<?xml version="1.0" encoding="UTF-8"?>
<!-- Generated by org.testng.reporters.JUnitXMLReporter -->
<testsuite hostname="DESKTOP-BBKFOGD" name="place order" tests="1" failures="0" timestamp="26 Nov 2018 08:21:05 GMT" time="0.06" errors="0">
  <testcase name="@BeforeTest initialize" time="0.0" classname="com.hashedin.app.PlaceOrder">
    <failure type="java.lang.NullPointerException">
      <![CDATA[java.lang.NullPointerException
	at com.hashedin.resources.loginPage.login(loginPage.java:24)
	at com.hashedin.app.PlaceOrder.initialize(PlaceOrder.java:24)
... Removed 22 stack frames]]>
    </failure>
  </testcase> <!-- @BeforeTest initialize -->
  <testcase name="newEquiry" time="0.008" classname="com.hashedin.app.PlaceOrder">
    <skipped/>
  </testcase> <!-- newEquiry -->
</testsuite> <!-- place order -->
