<?xml version="1.0" encoding="UTF-8"?>
<!-- Generated by org.testng.reporters.JUnitXMLReporter -->
<testsuite hostname="DESKTOP-BBKFOGD" name="Test" tests="3" failures="0" timestamp="20 Nov 2018 10:24:12 GMT" time="53.621" errors="0">
  <testcase name="newEquiry" time="15.231" classname="com.hashedin.app.PlaceOrder"/>
  <testcase name="Agent" time="1.3" classname="com.hashedin.app.AgentOrders"/>
  <testcase name="newEquiry" time="10.928" classname="com.hashedin.app.Orders"/>
</testsuite> <!-- Test -->
